2022-10-11 20:45:05 -  - exec CUpdateClientPartner::__CollectRequestData
2022-10-11 20:45:05 -  - exec CUpdateClientPartner::GetHTTPPage
2022-10-11 20:45:05 -  - exec CUpdateClientPartner::ParseServerData
2022-10-11 20:45:05 -  - exec CUpdateClientPartner::GetUpdatesList
2022-10-11 20:45:05 -  - exec CUpdateClientPartner::__CollectRequestData
2022-10-11 20:45:05 -  - utf=Y&lang=ru&stable=Y&CANGZIP=Y&SUPD_DBS=MYSQL&XE=N&CLIENT_SITE=www.geoltechproject.ru&LICENSE_KEY=X&SUPD_STS=1&SUPD_URS=0&SUPD_URSA=675&TYPENC=E&CLIENT_PHPVER=7.3.33&NGINX=Y&dbv=5.6.51&instm=main%2C18.1.5%2CN%3Bb24connector%2C18.0.0%2CN%3Bbitrix.sitecorporate%2C15.5.0%2CN%3Bbitrixcloud%2C18.5.0%2CN%3Bclouds%2C18.0.0%2CN%3Bcompression%2C16.0.0%2CN%3Bfileman%2C18.0.4%2CN%3Bhighloadblock%2C18.5.0%2CN%3Biblock%2C18.5.4%2CN%3Blanding%2C18.5.9%2CN%3Bmessageservice%2C18.0.0%2CN%3Bperfmon%2C18.5.0%2CN%3Brest%2C18.5.2%2CN%3Bsearch%2C18.5.0%2CN%3Bseo%2C18.5.0%2CN%3Bsocialservices%2C18.0.3%2CN%3Btranslate%2C16.5.0%2CN%3Bui%2C18.0.3%2CN&reqm=bitrix.sitecorporate&fullmoduleinfo=Y&SUPD_SRS=RU&SUPD_CMP=N
2022-10-11 20:45:05 -  - exec CUpdateClientPartner::GetHTTPPage
2022-10-11 20:45:05 -  - TIME GetUpdatesList(request) 0.194 sec
2022-10-11 20:45:05 -  - exec CUpdateClientPartner::ParseServerData
2022-10-11 20:45:05 -  - exec CUpdateClientPartner::__CollectRequestData
2022-10-11 20:45:05 -  - exec CUpdateClientPartner::GetHTTPPage
2022-10-11 20:45:05 -  - exec CUpdateClientPartner::ParseServerData
2022-10-19 14:53:13 -  - exec CUpdateClientPartner::__CollectRequestData
2022-10-19 14:53:13 -  - exec CUpdateClientPartner::GetHTTPPage
2022-10-19 14:53:13 -  - exec CUpdateClientPartner::ParseServerData
2022-10-19 14:53:13 -  - exec CUpdateClientPartner::GetUpdatesList
2022-10-19 14:53:13 -  - exec CUpdateClientPartner::__CollectRequestData
2022-10-19 14:53:13 -  - utf=Y&lang=ru&stable=Y&CANGZIP=Y&SUPD_DBS=MYSQL&XE=N&CLIENT_SITE=www.geoltechproject.ru&LICENSE_KEY=X&SUPD_STS=1&SUPD_URS=0&SUPD_URSA=675&TYPENC=E&CLIENT_PHPVER=7.3.33&NGINX=Y&dbv=5.6.51&instm=main%2C18.1.5%2CN%3Bb24connector%2C18.0.0%2CN%3Bbitrix.sitecorporate%2C15.5.0%2CN%3Bbitrixcloud%2C18.5.0%2CN%3Bclouds%2C18.0.0%2CN%3Bcompression%2C16.0.0%2CN%3Bfileman%2C18.0.4%2CN%3Bhighloadblock%2C18.5.0%2CN%3Biblock%2C18.5.4%2CN%3Blanding%2C18.5.9%2CN%3Bmessageservice%2C18.0.0%2CN%3Bperfmon%2C18.5.0%2CN%3Brest%2C18.5.2%2CN%3Bsearch%2C18.5.0%2CN%3Bseo%2C18.5.0%2CN%3Bsocialservices%2C18.0.3%2CN%3Btranslate%2C16.5.0%2CN%3Bui%2C18.0.3%2CN&reqm=bitrix.sitecorporate&fullmoduleinfo=Y&SUPD_SRS=RU&SUPD_CMP=N
2022-10-19 14:53:13 -  - exec CUpdateClientPartner::GetHTTPPage
2022-10-19 14:53:13 -  - TIME GetUpdatesList(request) 0.173 sec
2022-10-19 14:53:13 -  - exec CUpdateClientPartner::ParseServerData
2022-10-19 14:53:13 -  - exec CUpdateClientPartner::__CollectRequestData
2022-10-19 14:53:13 -  - exec CUpdateClientPartner::GetHTTPPage
2022-10-19 14:53:13 -  - exec CUpdateClientPartner::ParseServerData
2022-10-19 14:55:44 -  - exec CUpdateClientPartner::GetUpdatesList
2022-10-19 14:55:44 -  - exec CUpdateClientPartner::__CollectRequestData
2022-10-19 14:55:44 -  - utf=Y&lang=ru&stable=Y&CANGZIP=Y&SUPD_DBS=MYSQL&XE=N&CLIENT_SITE=www.geoltechproject.ru&LICENSE_KEY=X&SUPD_STS=1&SUPD_URS=0&SUPD_URSA=675&TYPENC=E&CLIENT_PHPVER=7.3.33&NGINX=Y&dbv=5.6.51&instm=main%2C18.1.5%2CN%3Bb24connector%2C18.0.0%2CN%3Bbitrix.sitecorporate%2C15.5.0%2CN%3Bbitrixcloud%2C18.5.0%2CN%3Bclouds%2C18.0.0%2CN%3Bcompression%2C16.0.0%2CN%3Bfileman%2C18.0.4%2CN%3Bhighloadblock%2C18.5.0%2CN%3Biblock%2C18.5.4%2CN%3Blanding%2C18.5.9%2CN%3Bmessageservice%2C18.0.0%2CN%3Bperfmon%2C18.5.0%2CN%3Brest%2C18.5.2%2CN%3Bsearch%2C18.5.0%2CN%3Bseo%2C18.5.0%2CN%3Bsocialservices%2C18.0.3%2CN%3Btranslate%2C16.5.0%2CN%3Bui%2C18.0.3%2CN&reqm=bitrix.sitecorporate&fullmoduleinfo=Y&SUPD_SRS=RU&SUPD_CMP=N
2022-10-19 14:55:44 -  - exec CUpdateClientPartner::GetHTTPPage
2022-10-19 14:55:44 -  - TIME GetUpdatesList(request) 0.231 sec
2022-10-19 14:55:44 -  - exec CUpdateClientPartner::ParseServerData
